# JRE version: OpenJDK Runtime Environment (11.0.11+9) (build 11.0.11+9-b60-7590822)
# Java VM: OpenJDK 64-Bit Server VM (11.0.11+9-b60-7590822, mixed mode, tiered, compressed oops, g1 gc, windows-amd64)
Heap:
 garbage-first heap   total 661504K, used 151188K [0x0000000080000000, 0x0000000100000000)
  region size 1024K, 11 young (11264K), 11 survivors (11264K)
 Metaspace       used 124418K, capacity 127831K, committed 128380K, reserved 1161216K
  class space    used 15482K, capacity 16775K, committed 17152K, reserved 1048576K
GC Heap History (20 events):
Event: 489.894 GC heap after
{Heap after GC invocations=80 (full 0):
 garbage-first heap   total 330752K, used 196802K [0x0000000080000000, 0x0000000100000000)
  region size 1024K, 3 young (3072K), 3 survivors (3072K)
 Metaspace       used 116993K, capacity 120007K, committed 121212K, reserved 1155072K
  class space    used 14590K, capacity 15761K, committed 16384K, reserved 1048576K
}
Event: 490.599 GC heap before
{Heap before GC invocations=81 (full 0):
 garbage-first heap   total 330752K, used 245954K [0x0000000080000000, 0x0000000100000000)
  region size 1024K, 46 young (47104K), 3 survivors (3072K)
 Metaspace       used 117013K, capacity 120075K, committed 121212K, reserved 1155072K
  class space    used 14590K, capacity 15761K, committed 16384K, reserved 1048576K
}
Event: 490.626 GC heap after
{Heap after GC invocations=82 (full 0):
 garbage-first heap   total 330752K, used 208071K [0x0000000080000000, 0x0000000100000000)
  region size 1024K, 6 young (6144K), 6 survivors (6144K)
 Metaspace       used 117013K, capacity 120075K, committed 121212K, reserved 1155072K
  class space    used 14590K, capacity 15761K, committed 16384K, reserved 1048576K
}
Event: 490.651 GC heap before
{Heap before GC invocations=82 (full 0):
 garbage-first heap   total 330752K, used 218311K [0x0000000080000000, 0x0000000100000000)
  region size 1024K, 16 young (16384K), 6 survivors (6144K)
 Metaspace       used 117038K, capacity 120149K, committed 121468K, reserved 1155072K
  class space    used 14593K, capacity 15765K, committed 16384K, reserved 1048576K
}
Event: 490.703 GC heap after
{Heap after GC invocations=83 (full 0):
 garbage-first heap   total 330752K, used 205487K [0x0000000080000000, 0x0000000100000000)
  region size 1024K, 2 young (2048K), 2 survivors (2048K)
 Metaspace       used 117038K, capacity 120149K, committed 121468K, reserved 1155072K
  class space    used 14593K, capacity 15765K, committed 16384K, reserved 1048576K
}
Event: 490.954 GC heap before
{Heap before GC invocations=83 (full 0):
 garbage-first heap   total 330752K, used 209583K [0x0000000080000000, 0x0000000100000000)
  region size 1024K, 7 young (7168K), 2 survivors (2048K)
 Metaspace       used 117130K, capacity 120186K, committed 121468K, reserved 1155072K
  class space    used 14600K, capacity 15770K, committed 16384K, reserved 1048576K
}
Event: 490.964 GC heap after
{Heap after GC invocations=84 (full 0):
 garbage-first heap   total 330752K, used 206120K [0x0000000080000000, 0x0000000100000000)
  region size 1024K, 3 young (3072K), 3 survivors (3072K)
 Metaspace       used 117130K, capacity 120186K, committed 121468K, reserved 1155072K
  class space    used 14600K, capacity 15770K, committed 16384K, reserved 1048576K
}
Event: 491.784 GC heap before
{Heap before GC invocations=85 (full 0):
 garbage-first heap   total 330752K, used 253224K [0x0000000080000000, 0x0000000100000000)
  region size 1024K, 42 young (43008K), 3 survivors (3072K)
 Metaspace       used 117202K, capacity 120251K, committed 121468K, reserved 1155072K
  class space    used 14603K, capacity 15770K, committed 16384K, reserved 1048576K
}
Event: 491.788 GC heap after
{Heap after GC invocations=86 (full 0):
 garbage-first heap   total 330752K, used 211631K [0x0000000080000000, 0x0000000100000000)
  region size 1024K, 1 young (1024K), 1 survivors (1024K)
 Metaspace       used 117202K, capacity 120251K, committed 121468K, reserved 1155072K
  class space    used 14603K, capacity 15770K, committed 16384K, reserved 1048576K
}
Event: 492.292 GC heap before
{Heap before GC invocations=86 (full 0):
 garbage-first heap   total 330752K, used 226991K [0x0000000080000000, 0x0000000100000000)
  region size 1024K, 16 young (16384K), 1 survivors (1024K)
 Metaspace       used 117217K, capacity 120317K, committed 121468K, reserved 1155072K
  class space    used 14603K, capacity 15770K, committed 16384K, reserved 1048576K
}
Event: 492.345 GC heap after
{Heap after GC invocations=87 (full 0):
 garbage-first heap   total 330752K, used 207617K [0x0000000080000000, 0x0000000100000000)
  region size 1024K, 2 young (2048K), 2 survivors (2048K)
 Metaspace       used 117217K, capacity 120317K, committed 121468K, reserved 1155072K
  class space    used 14603K, capacity 15770K, committed 16384K, reserved 1048576K
}
Event: 500.263 GC heap before
{Heap before GC invocations=87 (full 0):
 garbage-first heap   total 330752K, used 251649K [0x0000000080000000, 0x0000000100000000)
  region size 1024K, 46 young (47104K), 2 survivors (2048K)
 Metaspace       used 117895K, capacity 121008K, committed 122108K, reserved 1155072K
  class space    used 14685K, capacity 15872K, committed 16512K, reserved 1048576K
}
Event: 500.343 GC heap after
{Heap after GC invocations=88 (full 0):
 garbage-first heap   total 330752K, used 201345K [0x0000000080000000, 0x0000000100000000)
  region size 1024K, 4 young (4096K), 4 survivors (4096K)
 Metaspace       used 117895K, capacity 121008K, committed 122108K, reserved 1155072K
  class space    used 14685K, capacity 15872K, committed 16512K, reserved 1048576K
}
Event: 503.982 GC heap before
{Heap before GC invocations=89 (full 0):
 garbage-first heap   total 330752K, used 230017K [0x0000000080000000, 0x0000000100000000)
  region size 1024K, 55 young (56320K), 4 survivors (4096K)
 Metaspace       used 120258K, capacity 123272K, committed 124284K, reserved 1157120K
  class space    used 14963K, capacity 16112K, committed 16640K, reserved 1048576K
}
Event: 504.012 GC heap after
{Heap after GC invocations=90 (full 0):
 garbage-first heap   total 330752K, used 182418K [0x0000000080000000, 0x0000000100000000)
  region size 1024K, 7 young (7168K), 7 survivors (7168K)
 Metaspace       used 120258K, capacity 123272K, committed 124284K, reserved 1157120K
  class space    used 14963K, capacity 16112K, committed 16640K, reserved 1048576K
}
Event: 504.536 GC heap before
{Heap before GC invocations=90 (full 0):
 garbage-first heap   total 330752K, used 191634K [0x0000000080000000, 0x0000000100000000)
  region size 1024K, 16 young (16384K), 7 survivors (7168K)
 Metaspace       used 121044K, capacity 124215K, committed 125308K, reserved 1157120K
  class space    used 15071K, capacity 16275K, committed 16896K, reserved 1048576K
}
Event: 504.923 GC heap after
{Heap after GC invocations=91 (full 0):
 garbage-first heap   total 330752K, used 163674K [0x0000000080000000, 0x0000000100000000)
  region size 1024K, 1 young (1024K), 1 survivors (1024K)
 Metaspace       used 121044K, capacity 124215K, committed 125308K, reserved 1157120K
  class space    used 15071K, capacity 16275K, committed 16896K, reserved 1048576K
}
Event: 543.143 GC heap before
{Heap before GC invocations=91 (full 0):
 garbage-first heap   total 330752K, used 218970K [0x0000000080000000, 0x0000000100000000)
  region size 1024K, 56 young (57344K), 1 survivors (1024K)
 Metaspace       used 122849K, capacity 126207K, committed 126716K, reserved 1159168K
  class space    used 15330K, capacity 16601K, committed 17024K, reserved 1048576K
}
Event: 543.496 GC heap after
{Heap after GC invocations=92 (full 0):
 garbage-first heap   total 330752K, used 168431K [0x0000000080000000, 0x0000000100000000)
  region size 1024K, 6 young (6144K), 6 survivors (6144K)
 Metaspace       used 122849K, capacity 126207K, committed 126716K, reserved 1159168K
  class space    used 15330K, capacity 16601K, committed 17024K, reserved 1048576K
}
Event: 554.770 GC heap before
{Heap before GC invocations=93 (full 0):
 garbage-first heap   total 330752K, used 222703K [0x0000000080000000, 0x0000000100000000)
  region size 1024K, 82 young (83968K), 6 survivors (6144K)
 Metaspace       used 124418K, capacity 127831K, committed 128380K, reserved 1161216K
  class space    used 15482K, capacity 16775K, committed 17152K, reserved 1048576K
}

