# JRE version: OpenJDK Runtime Environment (11.0.11+9) (build 11.0.11+9-b60-7590822)
# Java VM: OpenJDK 64-Bit Server VM (11.0.11+9-b60-7590822, mixed mode, tiered, compressed oops, g1 gc, windows-amd64)
Heap:
 garbage-first heap   total 126976K, used 40891K [0x0000000080000000, 0x0000000100000000)
  region size 1024K, 15 young (15360K), 3 survivors (3072K)
 Metaspace       used 46864K, capacity 47998K, committed 48124K, reserved 1091584K
  class space    used 6024K, capacity 6467K, committed 6528K, reserved 1048576K
GC Heap History (14 events):
Event: 0.946 GC heap before
{Heap before GC invocations=0 (full 0):
 garbage-first heap   total 126976K, used 30720K [0x0000000080000000, 0x0000000100000000)
  region size 1024K, 24 young (24576K), 0 survivors (0K)
 Metaspace       used 10269K, capacity 10491K, committed 10624K, reserved 1058816K
  class space    used 1071K, capacity 1141K, committed 1152K, reserved 1048576K
}
Event: 0.952 GC heap after
{Heap after GC invocations=1 (full 0):
 garbage-first heap   total 126976K, used 9187K [0x0000000080000000, 0x0000000100000000)
  region size 1024K, 3 young (3072K), 3 survivors (3072K)
 Metaspace       used 10269K, capacity 10491K, committed 10624K, reserved 1058816K
  class space    used 1071K, capacity 1141K, committed 1152K, reserved 1048576K
}
Event: 4.241 GC heap before
{Heap before GC invocations=1 (full 0):
 garbage-first heap   total 126976K, used 82915K [0x0000000080000000, 0x0000000100000000)
  region size 1024K, 74 young (75776K), 3 survivors (3072K)
 Metaspace       used 17609K, capacity 17992K, committed 18176K, reserved 1064960K
  class space    used 2072K, capacity 2219K, committed 2304K, reserved 1048576K
}
Event: 4.256 GC heap after
{Heap after GC invocations=2 (full 0):
 garbage-first heap   total 126976K, used 15710K [0x0000000080000000, 0x0000000100000000)
  region size 1024K, 10 young (10240K), 10 survivors (10240K)
 Metaspace       used 17609K, capacity 17992K, committed 18176K, reserved 1064960K
  class space    used 2072K, capacity 2219K, committed 2304K, reserved 1048576K
}
Event: 5.545 GC heap before
{Heap before GC invocations=2 (full 0):
 garbage-first heap   total 126976K, used 42334K [0x0000000080000000, 0x0000000100000000)
  region size 1024K, 37 young (37888K), 10 survivors (10240K)
 Metaspace       used 20710K, capacity 21104K, committed 21296K, reserved 1069056K
  class space    used 2534K, capacity 2660K, committed 2688K, reserved 1048576K
}
Event: 5.560 GC heap after
{Heap after GC invocations=3 (full 0):
 garbage-first heap   total 126976K, used 16995K [0x0000000080000000, 0x0000000100000000)
  region size 1024K, 2 young (2048K), 2 survivors (2048K)
 Metaspace       used 20710K, capacity 21104K, committed 21296K, reserved 1069056K
  class space    used 2534K, capacity 2660K, committed 2688K, reserved 1048576K
}
Event: 8.533 GC heap before
{Heap before GC invocations=4 (full 0):
 garbage-first heap   total 126976K, used 77411K [0x0000000080000000, 0x0000000100000000)
  region size 1024K, 61 young (62464K), 2 survivors (2048K)
 Metaspace       used 26641K, capacity 27185K, committed 27440K, reserved 1073152K
  class space    used 3493K, capacity 3695K, committed 3712K, reserved 1048576K
}
Event: 8.545 GC heap after
{Heap after GC invocations=5 (full 0):
 garbage-first heap   total 126976K, used 18984K [0x0000000080000000, 0x0000000100000000)
  region size 1024K, 4 young (4096K), 4 survivors (4096K)
 Metaspace       used 26641K, capacity 27185K, committed 27440K, reserved 1073152K
  class space    used 3493K, capacity 3695K, committed 3712K, reserved 1048576K
}
Event: 11.643 GC heap before
{Heap before GC invocations=5 (full 0):
 garbage-first heap   total 126976K, used 69160K [0x0000000080000000, 0x0000000100000000)
  region size 1024K, 54 young (55296K), 4 survivors (4096K)
 Metaspace       used 34897K, capacity 35639K, committed 35708K, reserved 1081344K
  class space    used 4530K, capacity 4857K, committed 4864K, reserved 1048576K
}
Event: 11.656 GC heap after
{Heap after GC invocations=6 (full 0):
 garbage-first heap   total 126976K, used 22332K [0x0000000080000000, 0x0000000100000000)
  region size 1024K, 7 young (7168K), 7 survivors (7168K)
 Metaspace       used 34897K, capacity 35639K, committed 35708K, reserved 1081344K
  class space    used 4530K, capacity 4857K, committed 4864K, reserved 1048576K
}
Event: 16.452 GC heap before
{Heap before GC invocations=7 (full 0):
 garbage-first heap   total 126976K, used 90940K [0x0000000080000000, 0x0000000100000000)
  region size 1024K, 72 young (73728K), 7 survivors (7168K)
 Metaspace       used 40273K, capacity 41243K, committed 41468K, reserved 1085440K
  class space    used 5139K, capacity 5504K, committed 5504K, reserved 1048576K
}
Event: 16.470 GC heap after
{Heap after GC invocations=8 (full 0):
 garbage-first heap   total 126976K, used 27773K [0x0000000080000000, 0x0000000100000000)
  region size 1024K, 9 young (9216K), 9 survivors (9216K)
 Metaspace       used 40273K, capacity 41243K, committed 41468K, reserved 1085440K
  class space    used 5139K, capacity 5504K, committed 5504K, reserved 1048576K
}
Event: 44.276 GC heap before
{Heap before GC invocations=8 (full 0):
 garbage-first heap   total 126976K, used 93309K [0x0000000080000000, 0x0000000100000000)
  region size 1024K, 72 young (73728K), 9 survivors (9216K)
 Metaspace       used 46024K, capacity 47132K, committed 47228K, reserved 1089536K
  class space    used 5899K, capacity 6325K, committed 6400K, reserved 1048576K
}
Event: 44.287 GC heap after
{Heap after GC invocations=9 (full 0):
 garbage-first heap   total 126976K, used 29627K [0x0000000080000000, 0x0000000100000000)
  region size 1024K, 3 young (3072K), 3 survivors (3072K)
 Metaspace       used 46024K, capacity 47132K, committed 47228K, reserved 1089536K
  class space    used 5899K, capacity 6325K, committed 6400K, reserved 1048576K
}

